<?xml version="1.0" encoding="UTF-8"?>
<!-- Generated by org.testng.reporters.JUnitReportReporter -->
<testsuite hostname="DESKTOP-HRNMN5C" failures="0" tests="2" name="tests.LoginTest" time="15.472" errors="0" timestamp="2023-09-11T13:25:12 IST" skipped="0">
  <testcase classname="tests.LoginTest" name="login" time="0.763"/>
  <system-out>
    <![CDATA[login started..
Enter user name
Enter password
click login button
<br><img src='.\screenShots\passedTCSS\login.png' height='100' width='100'/><br>
login success !!]]>
  </system-out>
  <testcase classname="tests.LoginTest" name="checkMenu" time="14.709"/>
  <system-out>
    <![CDATA[checkMenu started..
click menu button
click about link
<br><img src='.\screenShots\passedTCSS\checkMenu.png' height='100' width='100'/><br>
checkMenu success !!]]>
  </system-out>
</testsuite> <!-- tests.LoginTest -->
